[   42384ms] ReferenceError: e is not defined
    at https://www.kokuyocamlin.com/camel/:3470:20
[   43778ms] [WARNING] wonderlandbird element not found or not a valid DOM element @ https://www.kokuyocamlin.com/camel/scripts/84.7db132c985267113851a.bundle.js:0
[   44131ms] [WARNING] [Meta Pixel] - Duplicate Pixel ID: 1209870179841058. @ https://connect.facebook.net/en_US/fbevents.js:175
[   45335ms] TypeError: Cannot read properties of null (reading 'play')
    at https://www.kokuyocamlin.com/camel/scripts/84.7db132c985267113851a.bundle.js:1:3588
[   45523ms] TypeError: Cannot read properties of null (reading 'play')
    at https://www.kokuyocamlin.com/camel/scripts/84.7db132c985267113851a.bundle.js:1:3588
[   88544ms] TypeError: Cannot set properties of null (setting 'currentTime')
    at https://www.kokuyocamlin.com/camel/scripts/84.7db132c985267113851a.bundle.js:1:4593
[  131809ms] TypeError: Cannot set properties of null (setting 'currentTime')
    at https://www.kokuyocamlin.com/camel/scripts/84.7db132c985267113851a.bundle.js:1:4593
[  175066ms] TypeError: Cannot set properties of null (setting 'currentTime')
    at https://www.kokuyocamlin.com/camel/scripts/84.7db132c985267113851a.bundle.js:1:4593
[  198202ms] TypeError: Cannot read properties of null (reading 'play')
    at https://www.kokuyocamlin.com/camel/scripts/84.7db132c985267113851a.bundle.js:1:3588
[  220251ms] TypeError: Cannot set properties of null (setting 'currentTime')
    at https://www.kokuyocamlin.com/camel/scripts/84.7db132c985267113851a.bundle.js:1:4593
[  269835ms] TypeError: Cannot set properties of null (setting 'currentTime')
    at https://www.kokuyocamlin.com/camel/scripts/84.7db132c985267113851a.bundle.js:1:4593
[  297206ms] TypeError: Cannot read properties of null (reading 'play')
    at https://www.kokuyocamlin.com/camel/scripts/84.7db132c985267113851a.bundle.js:1:3588
[  297347ms] TypeError: Cannot read properties of null (reading 'play')
    at https://www.kokuyocamlin.com/camel/scripts/84.7db132c985267113851a.bundle.js:1:3588
[  318999ms] TypeError: Cannot set properties of null (setting 'currentTime')
    at https://www.kokuyocamlin.com/camel/scripts/84.7db132c985267113851a.bundle.js:1:4593
[  362252ms] TypeError: Cannot set properties of null (setting 'currentTime')
    at https://www.kokuyocamlin.com/camel/scripts/84.7db132c985267113851a.bundle.js:1:4593
[  405493ms] TypeError: Cannot set properties of null (setting 'currentTime')
    at https://www.kokuyocamlin.com/camel/scripts/84.7db132c985267113851a.bundle.js:1:4593
[  447578ms] TypeError: Cannot read properties of null (reading 'play')
    at https://www.kokuyocamlin.com/camel/scripts/84.7db132c985267113851a.bundle.js:1:3588
[  447715ms] TypeError: Cannot read properties of null (reading 'play')
    at https://www.kokuyocamlin.com/camel/scripts/84.7db132c985267113851a.bundle.js:1:3588
[  449108ms] [ERROR] Connecting to 'https://www.google.co.in/ads/ga-audiences?v=1&t=sr&slf_rd=1&_r=4&tid=G-TVKXRWKGW8&cid=54632403.1774530421&gtm=45je63o1v868550699za20g&aip=1&dma=0&gcd=13l3l3l3l1l1&npa=0&frm=0&tag_exp=103116026~103200004~115938465~115938469~116024733~117266400~117484252&z=2707224' violates the following Content Security Policy directive: "connect-src 'self' cdnjs.cloudflare.com www.google.com google-analytics.com https://analytics.google.com geolocation-db.com res.cloudinary.com maps.googleapis.com jsonip.com www.gstatic.com www.google-analytics.com camelwonderland.s3.ap-south-1.amazonaws.com apps.8thwall.com logs.8thwall.com nominatim.openstreetmap.org *.clarity.ms *.ding.com stats.g.doubleclick.net blob: data: *.clarity.ms *.bing.com cdn.ampproject.org adservice.google.com google.com". The action has been blocked. @ https://www.kokuyocamlin.com/camel/:0
