2026-04-27 19:28:22 [INFO] Test start: #1 Unregistered or wrong credentials: "testuser@example.com"
2026-04-27 19:28:22 [INFO] Navigating to https://www.kokuyocamlin.com/camel/login
2026-04-27 19:28:28 [INFO] Entering email: testuser@example.com
2026-04-27 19:28:29 [INFO] Entering password: Password123!
2026-04-27 19:28:29 [INFO] Clicking on login CTA
2026-04-27 19:28:29 [INFO] Assertion passed: Incorrect email or password. Try again. message is visible
2026-04-27 19:28:29 [INFO] Test end: User is not logged in with invalid details
2026-04-27 19:28:31 [INFO] Test start: #2 Invalid email format: "testgmailfd.com"
2026-04-27 19:28:31 [INFO] Navigating to https://www.kokuyocamlin.com/camel/login
2026-04-27 19:28:33 [INFO] Test start: #5 Unregistered or wrong credentials: "test@gmai"
2026-04-27 19:28:33 [INFO] Navigating to https://www.kokuyocamlin.com/camel/login
2026-04-27 19:28:34 [INFO] Entering email: testgmailfd.com
2026-04-27 19:28:34 [INFO] Entering password: Password1@
2026-04-27 19:28:34 [INFO] Clicking on login CTA
2026-04-27 19:28:34 [INFO] Assertion passed: Enter a valid email to continue. message is visible
2026-04-27 19:28:34 [INFO] Test end: User is not logged in with invalid details
2026-04-27 19:28:35 [INFO] Test start: #3 Invalid password for valid email: "test@test.com"
2026-04-27 19:28:35 [INFO] Navigating to https://www.kokuyocamlin.com/camel/login
2026-04-27 19:28:35 [INFO] Entering email: test@gmai
2026-04-27 19:28:35 [INFO] Entering password: password
2026-04-27 19:28:35 [INFO] Clicking on login CTA
2026-04-27 19:28:36 [INFO] Assertion passed: Incorrect email or password. Try again. message is visible
2026-04-27 19:28:36 [INFO] Test end: User is not logged in with invalid details
2026-04-27 19:28:36 [INFO] Test start: #6 Invalid email format: "123"
2026-04-27 19:28:36 [INFO] Navigating to https://www.kokuyocamlin.com/camel/login
2026-04-27 19:28:38 [INFO] Entering email: test@test.com
2026-04-27 19:28:38 [INFO] Entering password: 123
2026-04-27 19:28:39 [INFO] Clicking on login CTA
2026-04-27 19:28:39 [INFO] Assertion passed: Incorrect email or password. Try again. message is visible
2026-04-27 19:28:39 [INFO] Test end: User is not logged in with invalid details
2026-04-27 19:28:40 [INFO] Entering email: 123
2026-04-27 19:28:40 [INFO] Entering password: Password@
2026-04-27 19:28:40 [INFO] Clicking on login CTA
2026-04-27 19:28:40 [INFO] Assertion passed: Enter a valid email to continue. message is visible
2026-04-27 19:28:40 [INFO] Test end: User is not logged in with invalid details
2026-04-27 19:28:42 [INFO] Test start: #7 Unregistered or wrong credentials: "test.comgmail@"
2026-04-27 19:28:42 [INFO] Navigating to https://www.kokuyocamlin.com/camel/login
2026-04-27 19:28:42 [INFO] Test start: #4 Invalid email format: "@gmail.com"
2026-04-27 19:28:42 [INFO] Navigating to https://www.kokuyocamlin.com/camel/login
2026-04-27 19:28:45 [INFO] Entering email: test.comgmail@
2026-04-27 19:28:45 [INFO] Entering password: Password1@ '
2026-04-27 19:28:45 [INFO] Entering email: @gmail.com
2026-04-27 19:28:45 [INFO] Clicking on login CTA
2026-04-27 19:28:46 [INFO] Entering password: Password1@
2026-04-27 19:28:46 [INFO] Assertion passed: Incorrect email or password. Try again. message is visible
2026-04-27 19:28:46 [INFO] Test end: User is not logged in with invalid details
2026-04-27 19:28:46 [INFO] Clicking on login CTA
2026-04-27 19:28:47 [INFO] Assertion passed: Enter a valid email to continue. message is visible
2026-04-27 19:28:47 [INFO] Test end: User is not logged in with invalid details
2026-04-27 19:28:47 [INFO] Log file for this run: C:\PlaywrightAutomation\logs\2026-04-27.log
2026-04-27 19:28:56 [INFO] === TC07: Name empty validation ===
2026-04-27 19:28:56 [INFO] Navigating to enquiry form: https://www.godrejenterprises.com/inquiry
2026-04-27 19:28:59 [INFO] Test start: #8 Invalid email format: "OR 1=1 --"
2026-04-27 19:28:59 [INFO] Navigating to https://www.kokuyocamlin.com/camel/login
2026-04-27 19:29:03 [INFO] Entering email: OR 1=1 --
2026-04-27 19:29:03 [INFO] Entering password: Password1@
2026-04-27 19:29:03 [INFO] Clicking on login CTA
2026-04-27 19:29:03 [INFO] Cookies banner dismissed
2026-04-27 19:29:04 [INFO] Assertion passed: Enter a valid email to continue. message is visible
2026-04-27 19:29:04 [INFO] Test end: User is not logged in with invalid details
2026-04-27 19:29:04 [INFO] Log file for this run: C:\PlaywrightAutomation\logs\2026-04-27.log
2026-04-27 19:29:04 [INFO] Expected error to contain: "Enter your full name."
2026-04-27 19:29:04 [INFO] Actual error: "Enter your full name."
2026-04-27 19:29:06 [INFO] === TC09: Email empty validation ===
2026-04-27 19:29:06 [INFO] Navigating to enquiry form: https://www.godrejenterprises.com/inquiry
2026-04-27 19:29:06 [INFO] === TC08: Name too short validation ===
2026-04-27 19:29:06 [INFO] Navigating to enquiry form: https://www.godrejenterprises.com/inquiry
2026-04-27 19:29:13 [INFO] Cookies banner dismissed
2026-04-27 19:29:13 [INFO] Filling Name: J
2026-04-27 19:29:14 [INFO] Cookies banner dismissed
2026-04-27 19:29:14 [INFO] Expected error to contain: "Name must be between 2-100 characters."
2026-04-27 19:29:14 [INFO] Actual error: "Name must be between 2-100 characters."
2026-04-27 19:29:15 [INFO] Expected error to contain: "Enter your email address."
2026-04-27 19:29:15 [INFO] Actual error: "Enter your email address."
2026-04-27 19:29:20 [INFO] === TC10: Email too short validation ===
2026-04-27 19:29:20 [INFO] Navigating to enquiry form: https://www.godrejenterprises.com/inquiry
2026-04-27 19:29:20 [INFO] === TC11: Email invalid format - missing domain ===
2026-04-27 19:29:20 [INFO] Navigating to enquiry form: https://www.godrejenterprises.com/inquiry
2026-04-27 19:29:26 [INFO] Cookies banner dismissed
2026-04-27 19:29:26 [INFO] Filling Email: johndoe@
2026-04-27 19:29:27 [INFO] Cookies banner dismissed
2026-04-27 19:29:27 [INFO] Filling Email: ab@c
2026-04-27 19:29:27 [INFO] Expected error to contain: "Enter a valid email address."
2026-04-27 19:29:27 [INFO] Actual error: "Enter a valid email address."
2026-04-27 19:29:28 [INFO] Expected error to contain: "Email address must be between 5-300 characters."
2026-04-27 19:29:28 [INFO] Actual error: "Email address must be between 5-300 characters."
2026-04-27 19:29:28 [INFO] === TC12: Email invalid format - missing @ ===
2026-04-27 19:29:28 [INFO] Navigating to enquiry form: https://www.godrejenterprises.com/inquiry
2026-04-27 19:29:29 [INFO] === TC13: Email invalid format - missing username ===
2026-04-27 19:29:29 [INFO] Navigating to enquiry form: https://www.godrejenterprises.com/inquiry
2026-04-27 19:29:33 [INFO] Cookies banner dismissed
2026-04-27 19:29:33 [INFO] Filling Email: johndoe.com
2026-04-27 19:29:34 [INFO] Expected error to contain: "Enter a valid email address."
2026-04-27 19:29:34 [INFO] Actual error: "Enter a valid email address."
2026-04-27 19:29:35 [INFO] === TC14: Mobile number empty ===
2026-04-27 19:29:35 [INFO] Navigating to enquiry form: https://www.godrejenterprises.com/inquiry
2026-04-27 19:29:35 [INFO] Cookies banner dismissed
2026-04-27 19:29:35 [INFO] Filling Email: @example.com
2026-04-27 19:29:36 [INFO] Expected error to contain: "Enter a valid email address."
2026-04-27 19:29:36 [INFO] Actual error: "Enter a valid email address."
2026-04-27 19:29:39 [INFO] === TC15: Mobile number too short ===
2026-04-27 19:29:39 [INFO] Navigating to enquiry form: https://www.godrejenterprises.com/inquiry
2026-04-27 19:29:40 [INFO] Cookies banner dismissed
2026-04-27 19:29:40 [INFO] Selecting Country Code: +91
2026-04-27 19:29:42 [INFO] Expected error to contain: "Enter your mobile number."
2026-04-27 19:29:42 [INFO] Actual error: "Enter your mobile number."
2026-04-27 19:29:42 [INFO] === TC16: Mobile number too long ===
2026-04-27 19:29:42 [INFO] Navigating to enquiry form: https://www.godrejenterprises.com/inquiry
2026-04-27 19:29:44 [INFO] Cookies banner dismissed
2026-04-27 19:29:44 [INFO] Selecting Country Code: +91
2026-04-27 19:29:45 [INFO] Filling Mobile: 12345
2026-04-27 19:29:46 [INFO] Expected error to contain: "Number must be 10 numbers"
2026-04-27 19:29:46 [INFO] Actual error: "Number must be 10 numbers"
2026-04-27 19:29:47 [INFO] === TC17: City empty validation ===
2026-04-27 19:29:47 [INFO] Navigating to enquiry form: https://www.godrejenterprises.com/inquiry
2026-04-27 19:29:47 [INFO] Cookies banner dismissed
2026-04-27 19:29:47 [INFO] Selecting Country Code: +91
2026-04-27 19:29:48 [INFO] Filling Mobile: 12345678901234567890
2026-04-27 19:29:49 [INFO] Expected error to contain: "Number must be 10 digits."
2026-04-27 19:29:49 [INFO] Actual error: "Number must be 10 digits."
2026-04-27 19:29:50 [INFO] === TC18: Message with invalid characters validation ===
2026-04-27 19:29:50 [INFO] Navigating to enquiry form: https://www.godrejenterprises.com/inquiry
2026-04-27 19:29:52 [INFO] Cookies banner dismissed
2026-04-27 19:29:53 [INFO] Expected error to contain: "Enter the name of your city."
2026-04-27 19:29:53 [INFO] Actual error: "Enter the name of your city."
2026-04-27 19:29:54 [INFO] === TC19: Submit form without optional fields ===
2026-04-27 19:29:54 [INFO] Navigating to enquiry form: https://www.godrejenterprises.com/inquiry
2026-04-27 19:29:56 [INFO] Cookies banner dismissed
2026-04-27 19:29:56 [INFO] Filling Message
2026-04-27 19:29:56 [INFO] Expected error: "Message must be letters, numbers, spaces, and . - ! ( ) , & and % characters are allowed."
2026-04-27 19:29:56 [INFO] Actual error: "Message must be letters, numbers, spaces, and . - ! ( ) , & and % characters are allowed."
2026-04-27 19:29:57 [INFO] === TC01: Full enquiry form submission ===
2026-04-27 19:29:57 [INFO] Navigating to enquiry form: https://www.godrejenterprises.com/inquiry
2026-04-27 19:29:59 [INFO] Cookies banner dismissed
2026-04-27 19:29:59 [INFO] Filling Name: John Doe
2026-04-27 19:29:59 [INFO] Filling Email: johndoe@example.com
2026-04-27 19:30:00 [INFO] Selecting Country Code: +91
2026-04-27 19:30:01 [INFO] Filling Mobile: 9876543210
2026-04-27 19:30:01 [INFO] Typing city: "Mum" — expecting suggestion: "Mumbai"
2026-04-27 19:30:02 [INFO] Cookies banner dismissed
2026-04-27 19:30:02 [INFO] Filling Name: John Doe
2026-04-27 19:30:02 [INFO] Filling Email: johndoe@example.com
2026-04-27 19:30:02 [INFO] First suggestion: "Mumbai"
2026-04-27 19:30:03 [INFO] Selecting Country Code: +91
2026-04-27 19:30:03 [INFO] Selecting Business Unit: Home Appliances
2026-04-27 19:30:03 [INFO] Business Unit dropdown is open
2026-04-27 19:30:04 [INFO] Filling Mobile: 9876543210
2026-04-27 19:30:04 [INFO] Typing city: "Aur" — expecting suggestion: "Aurangabad"
2026-04-27 19:30:04 [INFO] Clicked Business Unit option: "Home Appliances"
2026-04-27 19:30:04 [INFO] Selecting Business Category: Refrigerators
2026-04-27 19:30:04 [INFO] Business Category dropdown is open
2026-04-27 19:30:04 [INFO] Clicked Business Category option: "Refrigerators"
2026-04-27 19:30:04 [INFO] Clicking Submit button
2026-04-27 19:30:05 [INFO] Submit clicked and response received
2026-04-27 19:30:05 [INFO] Asserting form submission success
2026-04-27 19:30:05 [INFO] First suggestion: "Aurangabad"
2026-04-27 19:30:05 [INFO] Selecting Business Unit: Home Appliances
2026-04-27 19:30:05 [INFO] Business Unit dropdown is open
2026-04-27 19:30:06 [INFO] Clicked Business Unit option: "Home Appliances"
2026-04-27 19:30:06 [INFO] Selecting Business Category: Refrigerators
2026-04-27 19:30:06 [INFO] Business Category dropdown is open
2026-04-27 19:30:06 [INFO] Clicked Business Category option: "Refrigerators"
2026-04-27 19:30:06 [INFO] Filling Message
2026-04-27 19:30:06 [INFO] Attaching file: C:\PlaywrightAutomation\test-data\assets\test-upload.jpg
2026-04-27 19:30:06 [INFO] File attached successfully
2026-04-27 19:30:06 [INFO] Clicking Submit button
2026-04-27 19:30:07 [INFO] Form submitted successfully. Message: "Thank you for your interest."
2026-04-27 19:30:07 [INFO] Submit clicked and response received
2026-04-27 19:30:07 [INFO] Asserting form submission success
2026-04-27 19:30:07 [INFO] === TC02: City auto-suggestion validation ===
2026-04-27 19:30:07 [INFO] Navigating to enquiry form: https://www.godrejenterprises.com/inquiry
2026-04-27 19:30:09 [INFO] Form submitted successfully. Message: "Thank you for your interest."
2026-04-27 19:30:10 [INFO] === TC03: Business Unit dropdown validation ===
2026-04-27 19:30:10 [INFO] Navigating to enquiry form: https://www.godrejenterprises.com/inquiry
2026-04-27 19:30:12 [INFO] Cookies banner dismissed
2026-04-27 19:30:13 [INFO] Suggestions shown: 18
2026-04-27 19:30:13 [INFO] First suggestion: "Aurangabad"
2026-04-27 19:30:14 [INFO] City input after selection: "Aurangabad"
2026-04-27 19:30:15 [INFO] === TC04: Business Category dropdown validation ===
2026-04-27 19:30:15 [INFO] Navigating to enquiry form: https://www.godrejenterprises.com/inquiry
2026-04-27 19:30:15 [INFO] Cookies banner dismissed
2026-04-27 19:30:16 [INFO] Option visible: "Security"
2026-04-27 19:30:16 [INFO] Option visible: "Aerospace"
2026-04-27 19:30:16 [INFO] Option visible: "Real Estate"
2026-04-27 19:30:16 [INFO] Option visible: "Intralogistics"
2026-04-27 19:30:16 [INFO] Option visible: "Home Appliances"
2026-04-27 19:30:16 [INFO] Option visible: "Locks & Security"
2026-04-27 19:30:16 [INFO] Option visible: "Advanced Engineering"
2026-04-27 19:30:16 [INFO] Option visible: "Commercial Appliances"
2026-04-27 19:30:16 [INFO] Option visible: "Furniture & fittings"
2026-04-27 19:30:17 [INFO] Business Unit selected: "Home Appliances"
2026-04-27 19:30:18 [INFO] === TC05: File attachment validation ===
2026-04-27 19:30:18 [INFO] Navigating to enquiry form: https://www.godrejenterprises.com/inquiry
2026-04-27 19:30:21 [INFO] Cookies banner dismissed
2026-04-27 19:30:22 [INFO] Business Category selected: "Refrigerators"
2026-04-27 19:30:23 [INFO] === TC07: Business Category hidden for Aerospace ===
2026-04-27 19:30:23 [INFO] Navigating to enquiry form: https://www.godrejenterprises.com/inquiry
2026-04-27 19:30:23 [INFO] Cookies banner dismissed
2026-04-27 19:30:23 [INFO] Attaching file: C:\PlaywrightAutomation\test-data\assets\test-upload.jpg
2026-04-27 19:30:23 [INFO] File attached successfully
2026-04-27 19:30:24 [INFO] Files attached: 1
2026-04-27 19:30:25 [INFO] === TC06: Required field validation ===
2026-04-27 19:30:25 [INFO] Navigating to enquiry form: https://www.godrejenterprises.com/inquiry
2026-04-27 19:30:28 [INFO] Cookies banner dismissed
2026-04-27 19:30:29 [INFO] Business Unit selected: "Aerospace"
2026-04-27 19:30:30 [INFO] Business Category dropdown is hidden as expected for Aerospace
2026-04-27 19:30:30 [INFO] Cookies banner dismissed
2026-04-27 19:30:31 [INFO] TC06 passed: Form blocked submission with empty fields
